INFO:cat.spacycat:Using basic_cat_ann for annotations
INFO:cat.spacycat:Using basic_cat_ann for annotations
DEBUG:cat.spacycat:????????????????????????????????????????????????????????????????????????????????????????????????????
DEBUG:cat.spacycat:There are 2 concepts to be disambiguated.
DEBUG:cat.spacycat:The concepts are: [([document], 'document'), ([failure], 'failure')]
DEBUG:cat.spacycat:????????????????????????????????????????????????????????????????????????????????????????????????????
DEBUG:cat.spacycat:There are 2 concepts to be disambiguated.
DEBUG:cat.spacycat:The concepts are: [([document], 'document'), ([failure], 'failure')]
INFO:cat.spacycat:Using basic_cat_ann for annotations
DEBUG:cat.spacycat:????????????????????????????????????????????????????????????????????????????????????????????????????
DEBUG:cat.spacycat:There are 2 concepts to be disambiguated.
DEBUG:cat.spacycat:The concepts are: [([document], 'document'), ([failure], 'failure')]
DEBUG:cat.spacycat:????????????????????????????????????????????????????????????????????????????????????????????????????
DEBUG:cat.spacycat:There are 2 concepts to be disambiguated.
DEBUG:cat.spacycat:The concepts are: [([document], 'document'), ([failure], 'failure')]
INFO:cat.spacycat:Using basic_cat_ann for annotations
DEBUG:cat.spacycat:????????????????????????????????????????????????????????????????????????????????????????????????????
DEBUG:cat.spacycat:There are 2 concepts to be disambiguated.
DEBUG:cat.spacycat:The concepts are: [([document], 'document'), ([failure], 'failure')]
DEBUG:cat.spacycat:????????????????????????????????????????????????????????????????????????????????????????????????????
DEBUG:cat.spacycat:There are 2 concepts to be disambiguated.
DEBUG:cat.spacycat:The concepts are: [([document], 'document'), ([failure], 'failure')]
INFO:cat.spacycat:Using basic_cat_ann for annotations
DEBUG:cat.spacycat:????????????????????????????????????????????????????????????????????????????????????????????????????
DEBUG:cat.spacycat:There are 0 concepts to be disambiguated.
DEBUG:cat.spacycat:The concepts are: []
DEBUG:cat.spacycat:????????????????????????????????????????????????????????????????????????????????????????????????????
DEBUG:cat.spacycat:There are 0 concepts to be disambiguated.
DEBUG:cat.spacycat:The concepts are: []
INFO:cat.spacycat:Using basic_cat_ann for annotations
DEBUG:cat.spacycat:????????????????????????????????????????????????????????????????????????????????????????????????????
DEBUG:cat.spacycat:There are 4 concepts to be disambiguated.
DEBUG:cat.spacycat:The concepts are: [([head], 'head'), ([ache], 'ache'), ([left], 'left'), ([head], 'head')]
DEBUG:cat.spacycat:????????????????????????????????????????????????????????????????????????????????????????????????????
DEBUG:cat.spacycat:There are 4 concepts to be disambiguated.
DEBUG:cat.spacycat:The concepts are: [([head], 'head'), ([ache], 'ache'), ([left], 'left'), ([head], 'head')]
INFO:cat.spacycat:Using basic_cat_ann for annotations
INFO:cat.spacycat:Using basic_cat_ann for annotations
INFO:cat.spacycat:Using basic_cat_ann for annotations
DEBUG:cat.spacycat:????????????????????????????????????????????????????????????????????????????????????????????????????
DEBUG:cat.spacycat:There are 3 concepts to be disambiguated.
DEBUG:cat.spacycat:The concepts are: [([ve], 've'), ([blocked], 'blocked'), ([noise], 'noise')]
DEBUG:cat.spacycat:????????????????????????????????????????????????????????????????????????????????????????????????????
DEBUG:cat.spacycat:There are 3 concepts to be disambiguated.
DEBUG:cat.spacycat:The concepts are: [([ve], 've'), ([blocked], 'blocked'), ([noise], 'noise')]
INFO:cat.spacycat:Using basic_cat_ann for annotations
DEBUG:cat.spacycat:????????????????????????????????????????????????????????????????????????????????????????????????????
DEBUG:cat.spacycat:There are 0 concepts to be disambiguated.
DEBUG:cat.spacycat:The concepts are: []
DEBUG:cat.spacycat:????????????????????????????????????????????????????????????????????????????????????????????????????
DEBUG:cat.spacycat:There are 3 concepts to be disambiguated.
DEBUG:cat.spacycat:The concepts are: [([ve], 've'), ([blocked], 'blocked'), ([noise], 'noise')]
INFO:cat.spacycat:Using basic_cat_ann for annotations
DEBUG:cat.spacycat:????????????????????????????????????????????????????????????????????????????????????????????????????
DEBUG:cat.spacycat:There are 2 concepts to be disambiguated.
DEBUG:cat.spacycat:The concepts are: [([chest], 'chest'), ([pains], 'pain')]
DEBUG:cat.spacycat:????????????????????????????????????????????????????????????????????????????????????????????????????
DEBUG:cat.spacycat:There are 3 concepts to be disambiguated.
DEBUG:cat.spacycat:The concepts are: [([ve], 've'), ([blocked], 'blocked'), ([noise], 'noise')]
INFO:cat.spacycat:Using basic_cat_ann for annotations
DEBUG:cat.spacycat:????????????????????????????????????????????????????????????????????????????????????????????????????
DEBUG:cat.spacycat:There are 3 concepts to be disambiguated.
DEBUG:cat.spacycat:The concepts are: [([ve], 've'), ([blocked], 'blocked'), ([noise], 'noise')]
DEBUG:cat.spacycat:????????????????????????????????????????????????????????????????????????????????????????????????????
DEBUG:cat.spacycat:There are 3 concepts to be disambiguated.
DEBUG:cat.spacycat:The concepts are: [([ve], 've'), ([blocked], 'blocked'), ([noise], 'noise')]
INFO:cat.spacycat:Using basic_cat_ann for annotations
INFO:cat.spacycat:Using basic_cat_ann for annotations
DEBUG:cat.spacycat:????????????????????????????????????????????????????????????????????????????????????????????????????
DEBUG:cat.spacycat:There are 3 concepts to be disambiguated.
DEBUG:cat.spacycat:The concepts are: [([ve], 've'), ([blocked], 'blocked'), ([noise], 'noise')]
DEBUG:cat.spacycat:????????????????????????????????????????????????????????????????????????????????????????????????????
DEBUG:cat.spacycat:There are 3 concepts to be disambiguated.
DEBUG:cat.spacycat:The concepts are: [([ve], 've'), ([blocked], 'blocked'), ([noise], 'noise')]
INFO:cat.spacycat:Using basic_cat_ann for annotations
DEBUG:cat.spacycat:????????????????????????????????????????????????????????????????????????????????????????????????????
DEBUG:cat.spacycat:There are 3 concepts to be disambiguated.
DEBUG:cat.spacycat:The concepts are: [([ve], 've'), ([blocked], 'blocked'), ([noise], 'noise')]
DEBUG:cat.spacycat:????????????????????????????????????????????????????????????????????????????????????????????????????
DEBUG:cat.spacycat:There are 3 concepts to be disambiguated.
DEBUG:cat.spacycat:The concepts are: [([ve], 've'), ([blocked], 'blocked'), ([noise], 'noise')]
INFO:cat.spacycat:Using basic_cat_ann for annotations
DEBUG:cat.spacycat:????????????????????????????????????????????????????????????????????????????????????????????????????
DEBUG:cat.spacycat:There are 3 concepts to be disambiguated.
DEBUG:cat.spacycat:The concepts are: [([ve], 've'), ([blocked], 'blocked'), ([noise], 'noise')]
DEBUG:cat.spacycat:????????????????????????????????????????????????????????????????????????????????????????????????????
DEBUG:cat.spacycat:There are 3 concepts to be disambiguated.
DEBUG:cat.spacycat:The concepts are: [([ve], 've'), ([blocked], 'blocked'), ([noise], 'noise')]
INFO:cat.spacycat:Using basic_cat_ann for annotations
INFO:cat.spacycat:Using basic_cat_ann for annotations
INFO:cat.spacycat:Using basic_cat_ann for annotations
DEBUG:cat.spacycat:????????????????????????????????????????????????????????????????????????????????????????????????????
DEBUG:cat.spacycat:There are 3 concepts to be disambiguated.
DEBUG:cat.spacycat:The concepts are: [([ve], 've'), ([blocked], 'blocked'), ([noise], 'noise')]
DEBUG:cat.spacycat:????????????????????????????????????????????????????????????????????????????????????????????????????
DEBUG:cat.spacycat:There are 3 concepts to be disambiguated.
DEBUG:cat.spacycat:The concepts are: [([ve], 've'), ([blocked], 'blocked'), ([noise], 'noise')]
INFO:cat.spacycat:Using basic_cat_ann for annotations
DEBUG:cat.spacycat:????????????????????????????????????????????????????????????????????????????????????????????????????
DEBUG:cat.spacycat:There are 3 concepts to be disambiguated.
DEBUG:cat.spacycat:The concepts are: [([ve], 've'), ([blocked], 'blocked'), ([neck], 'neck')]
DEBUG:cat.spacycat:????????????????????????????????????????????????????????????????????????????????????????????????????
DEBUG:cat.spacycat:There are 3 concepts to be disambiguated.
DEBUG:cat.spacycat:The concepts are: [([ve], 've'), ([blocked], 'blocked'), ([neck], 'neck')]
INFO:cat.spacycat:Using basic_cat_ann for annotations
DEBUG:cat.spacycat:????????????????????????????????????????????????????????????????????????????????????????????????????
DEBUG:cat.spacycat:There are 2 concepts to be disambiguated.
DEBUG:cat.spacycat:The concepts are: [([ve], 've'), ([blocked], 'blocked')]
DEBUG:cat.spacycat:????????????????????????????????????????????????????????????????????????????????????????????????????
DEBUG:cat.spacycat:There are 3 concepts to be disambiguated.
DEBUG:cat.spacycat:The concepts are: [([ve], 've'), ([blocked], 'blocked'), ([neck], 'neck')]
INFO:cat.spacycat:Using basic_cat_ann for annotations
DEBUG:cat.spacycat:????????????????????????????????????????????????????????????????????????????????????????????????????
DEBUG:cat.spacycat:There are 2 concepts to be disambiguated.
DEBUG:cat.spacycat:The concepts are: [([ve], 've'), ([blocked], 'blocked')]
DEBUG:cat.spacycat:????????????????????????????????????????????????????????????????????????????????????????????????????
DEBUG:cat.spacycat:There are 3 concepts to be disambiguated.
DEBUG:cat.spacycat:The concepts are: [([ve], 've'), ([blocked], 'blocked'), ([neck], 'neck')]
INFO:cat.spacycat:Using basic_cat_ann for annotations
INFO:cat.spacycat:Using basic_cat_ann for annotations
DEBUG:cat.spacycat:????????????????????????????????????????????????????????????????????????????????????????????????????
DEBUG:cat.spacycat:There are 2 concepts to be disambiguated.
DEBUG:cat.spacycat:The concepts are: [([ve], 've'), ([blocked], 'blocked')]
DEBUG:cat.spacycat:????????????????????????????????????????????????????????????????????????????????????????????????????
DEBUG:cat.spacycat:There are 2 concepts to be disambiguated.
DEBUG:cat.spacycat:The concepts are: [([ve], 've'), ([blocked], 'blocked')]
INFO:cat.spacycat:Using basic_cat_ann for annotations
DEBUG:cat.spacycat:????????????????????????????????????????????????????????????????????????????????????????????????????
DEBUG:cat.spacycat:There are 2 concepts to be disambiguated.
DEBUG:cat.spacycat:The concepts are: [([ve], 've'), ([blocked], 'blocked')]
DEBUG:cat.spacycat:????????????????????????????????????????????????????????????????????????????????????????????????????
DEBUG:cat.spacycat:There are 2 concepts to be disambiguated.
DEBUG:cat.spacycat:The concepts are: [([ve], 've'), ([blocked], 'blocked')]
INFO:cat.spacycat:Using basic_cat_ann for annotations
DEBUG:cat.spacycat:????????????????????????????????????????????????????????????????????????????????????????????????????
DEBUG:cat.spacycat:There are 2 concepts to be disambiguated.
DEBUG:cat.spacycat:The concepts are: [([ve], 've'), ([blocked], 'blocked')]
DEBUG:cat.spacycat:????????????????????????????????????????????????????????????????????????????????????????????????????
DEBUG:cat.spacycat:There are 2 concepts to be disambiguated.
DEBUG:cat.spacycat:The concepts are: [([ve], 've'), ([blocked], 'blocked')]
INFO:cat.spacycat:Using basic_cat_ann for annotations
INFO:cat.spacycat:Using basic_cat_ann for annotations
INFO:cat.spacycat:Using basic_cat_ann for annotations
INFO:cat.spacycat:Using basic_cat_ann for annotations
INFO:cat.spacycat:Using basic_cat_ann for annotations
INFO:cat.spacycat:Using basic_cat_ann for annotations
